  Compiling CUDA source file agent.cu...
  Compiling CUDA source file display.cu...
  Compiling CUDA source file environment.cu...
  
  C:\Users\Jane\Desktop\thesis\collective-x-adversarial-ams\AMSim\AMSim>"C:\Program Files\NVIDIA GPU Computing Toolkit\CUDA\v11.0\bin\nvcc.exe" -gencode=arch=compute_52,code=\"sm_52,compute_52\" --use-local-env -ccbin "C:\Program Files (x86)\Microsoft Visual Studio\2019\Community\VC\Tools\MSVC\14.26.28801\bin\HostX86\x86" -x cu   -I"C:\Users\Jane\Desktop\thesis\collective-x-adversarial-ams\AMSim\AMSim\include" -I.\include -I"C:\Program Files\NVIDIA GPU Computing Toolkit\CUDA\v11.0\include" -I"C:\Program Files\NVIDIA GPU Computing Toolkit\CUDA\v11.0\include"  -G   --keep-dir Debug -maxrregcount=0  --machine 32 --compile -cudart static  -g   -DWIN32 -D_DEBUG -D_CONSOLE -D_UNICODE -DUNICODE -Xcompiler "/EHsc /W3 /nologo /Od /FdDebug\vc142.pdb /FS /Zi /RTC1 /MDd " -o Debug\agent.cu.obj "C:\Users\Jane\Desktop\thesis\collective-x-adversarial-ams\AMSim\AMSim\agent.cu" 
  
  C:\Users\Jane\Desktop\thesis\collective-x-adversarial-ams\AMSim\AMSim>"C:\Program Files\NVIDIA GPU Computing Toolkit\CUDA\v11.0\bin\nvcc.exe" -gencode=arch=compute_52,code=\"sm_52,compute_52\" --use-local-env -ccbin "C:\Program Files (x86)\Microsoft Visual Studio\2019\Community\VC\Tools\MSVC\14.26.28801\bin\HostX86\x86" -x cu   -I"C:\Users\Jane\Desktop\thesis\collective-x-adversarial-ams\AMSim\AMSim\include" -I.\include -I"C:\Program Files\NVIDIA GPU Computing Toolkit\CUDA\v11.0\include" -I"C:\Program Files\NVIDIA GPU Computing Toolkit\CUDA\v11.0\include"  -G   --keep-dir Debug -maxrregcount=0  --machine 32 --compile -cudart static  -g   -DWIN32 -D_DEBUG -D_CONSOLE -D_UNICODE -DUNICODE -Xcompiler "/EHsc /W3 /nologo /Od /FdDebug\vc142.pdb /FS /Zi /RTC1 /MDd " -o Debug\environment.cu.obj "C:\Users\Jane\Desktop\thesis\collective-x-adversarial-ams\AMSim\AMSim\environment.cu" 
  
  C:\Users\Jane\Desktop\thesis\collective-x-adversarial-ams\AMSim\AMSim>"C:\Program Files\NVIDIA GPU Computing Toolkit\CUDA\v11.0\bin\nvcc.exe" -gencode=arch=compute_52,code=\"sm_52,compute_52\" --use-local-env -ccbin "C:\Program Files (x86)\Microsoft Visual Studio\2019\Community\VC\Tools\MSVC\14.26.28801\bin\HostX86\x86" -x cu   -I"C:\Users\Jane\Desktop\thesis\collective-x-adversarial-ams\AMSim\AMSim\include" -I.\include -I"C:\Program Files\NVIDIA GPU Computing Toolkit\CUDA\v11.0\include" -I"C:\Program Files\NVIDIA GPU Computing Toolkit\CUDA\v11.0\include"  -G   --keep-dir Debug -maxrregcount=0  --machine 32 --compile -cudart static  -g   -DWIN32 -D_DEBUG -D_CONSOLE -D_UNICODE -DUNICODE -Xcompiler "/EHsc /W3 /nologo /Od /FdDebug\vc142.pdb /FS /Zi /RTC1 /MDd " -o Debug\display.cu.obj "C:\Users\Jane\Desktop\thesis\collective-x-adversarial-ams\AMSim\AMSim\display.cu" 
C:\Users\Jane\Desktop\thesis\collective-x-adversarial-ams\AMSim\AMSim\display.cuh(16): warning : missing return statement at end of non-void function "Display::operator="
  
C:\Users\Jane\Desktop\thesis\collective-x-adversarial-ams\AMSim\AMSim\display.cuh(16): warning : missing return statement at end of non-void function "Display::operator="
  
C:\Users\Jane\Desktop\thesis\collective-x-adversarial-ams\AMSim\AMSim\include\Eigen\src/Core/util/Memory.h(73): warning : ignoring return value from routine declared with "nodiscard" attribute
  
C:\Users\Jane\Desktop\thesis\collective-x-adversarial-ams\AMSim\AMSim\include\Eigen\src/Core/MathFunctions.h(1075): warning : calling a constexpr __host__ function("real") from a __host__ __device__ function("abs") is not allowed. The experimental flag '--expt-relaxed-constexpr' can be used to allow this.
  
C:\Users\Jane\Desktop\thesis\collective-x-adversarial-ams\AMSim\AMSim\include\Eigen\src/Core/MathFunctions.h(1075): warning : calling a constexpr __host__ function("imag") from a __host__ __device__ function("abs") is not allowed. The experimental flag '--expt-relaxed-constexpr' can be used to allow this.
  
C:\Users\Jane\Desktop\thesis\collective-x-adversarial-ams\AMSim\AMSim\include\Eigen\src/Core/MathFunctions.h(1075): warning : calling a constexpr __host__ function from a __host__ __device__ function is not allowed. The experimental flag '--expt-relaxed-constexpr' can be used to allow this.
  
C:\Users\Jane\Desktop\thesis\collective-x-adversarial-ams\AMSim\AMSim\include\Eigen\src/Core/MathFunctions.h(1075): warning : calling a constexpr __host__ function from a __host__ __device__ function is not allowed. The experimental flag '--expt-relaxed-constexpr' can be used to allow this.
  
C:\Users\Jane\Desktop\thesis\collective-x-adversarial-ams\AMSim\AMSim\include\Eigen\src/Core/MathFunctions.h(1080): warning : calling a constexpr __host__ function("real") from a __host__ __device__ function("abs") is not allowed. The experimental flag '--expt-relaxed-constexpr' can be used to allow this.
  
C:\Users\Jane\Desktop\thesis\collective-x-adversarial-ams\AMSim\AMSim\include\Eigen\src/Core/MathFunctions.h(1080): warning : calling a constexpr __host__ function("imag") from a __host__ __device__ function("abs") is not allowed. The experimental flag '--expt-relaxed-constexpr' can be used to allow this.
  
C:\Users\Jane\Desktop\thesis\collective-x-adversarial-ams\AMSim\AMSim\include\Eigen\src/Core/MathFunctions.h(1080): warning : calling a constexpr __host__ function from a __host__ __device__ function is not allowed. The experimental flag '--expt-relaxed-constexpr' can be used to allow this.
  
C:\Users\Jane\Desktop\thesis\collective-x-adversarial-ams\AMSim\AMSim\include\Eigen\src/Core/MathFunctions.h(1080): warning : calling a constexpr __host__ function from a __host__ __device__ function is not allowed. The experimental flag '--expt-relaxed-constexpr' can be used to allow this.
  
C:\Users\Jane\Desktop\thesis\collective-x-adversarial-ams\AMSim\AMSim\include\Eigen\src/Core/arch/CUDA/Half.h(302): warning : calling a __host__ function from a __host__ __device__ function is not allowed
  
C:\Users\Jane\Desktop\thesis\collective-x-adversarial-ams\AMSim\AMSim\include\Eigen\src/Core/arch/CUDA/Half.h(305): warning : calling a __host__ function from a __host__ __device__ function is not allowed
  
C:\Users\Jane\Desktop\thesis\collective-x-adversarial-ams\AMSim\AMSim\include\Eigen\src/Core/products/Parallelizer.h(20): warning : variable "m_maxThreads" was set but never used
  
C:\Users\Jane\Desktop\thesis\collective-x-adversarial-ams\AMSim\AMSim\include\Eigen\src/Core/ArrayWrapper.h(94): warning : __declspec attributes ignored
  
C:/Users/Jane/Desktop/thesis/collective-x-adversarial-ams/AMSim/AMSim/environment.cu(119): warning : variable "totalRad" was declared but never referenced
  
C:/Users/Jane/Desktop/thesis/collective-x-adversarial-ams/AMSim/AMSim/environment.cu(255): warning : variable "avgOrt" was declared but never referenced
  
  agent.cu
C:\Users\Jane\Desktop\thesis\collective-x-adversarial-ams\AMSim\AMSim\display.cuh(16): warning : missing return statement at end of non-void function "Display::operator="
  
  display.cu
C:\Users\Jane\Desktop\thesis\collective-x-adversarial-ams\AMSim\AMSim\agent.cuh(13): warning C4305: 'initializing': truncation from 'double' to 'const float'
C:\Users\Jane\Desktop\thesis\collective-x-adversarial-ams\AMSim\AMSim\agent.cuh(14): warning C4305: 'initializing': truncation from 'double' to 'float'
C:\Users\Jane\Desktop\thesis\collective-x-adversarial-ams\AMSim\AMSim\agent.cuh(18): warning C4305: 'initializing': truncation from 'double' to 'float'
C:/Users/Jane/Desktop/thesis/collective-x-adversarial-ams/AMSim/AMSim/agent.cu(44): warning C4018: '<': signed/unsigned mismatch
C:/Users/Jane/Desktop/thesis/collective-x-adversarial-ams/AMSim/AMSim/agent.cu(49): warning C4018: '<': signed/unsigned mismatch
C:/Users/Jane/Desktop/thesis/collective-x-adversarial-ams/AMSim/AMSim/agent.cu(80): warning C4305: 'initializing': truncation from 'double' to 'float'
C:/Users/Jane/Desktop/thesis/collective-x-adversarial-ams/AMSim/AMSim/agent.cu(102): warning C4018: '<': signed/unsigned mismatch
C:/Users/Jane/Desktop/thesis/collective-x-adversarial-ams/AMSim/AMSim/agent.cu(144): warning C4305: '+=': truncation from 'double' to 'float'
C:/Users/Jane/Desktop/thesis/collective-x-adversarial-ams/AMSim/AMSim/agent.cu(145): warning C4244: 'return': conversion from 'float' to 'int', possible loss of data
C:/Users/Jane/Desktop/thesis/collective-x-adversarial-ams/AMSim/AMSim/agent.cu(149): warning C4305: '+=': truncation from 'double' to 'float'
C:/Users/Jane/Desktop/thesis/collective-x-adversarial-ams/AMSim/AMSim/agent.cu(150): warning C4244: 'return': conversion from 'float' to 'int', possible loss of data
C:/Users/Jane/Desktop/thesis/collective-x-adversarial-ams/AMSim/AMSim/agent.cu(154): warning C4244: 'return': conversion from 'double' to 'float', possible loss of data
C:\Users\Jane\Desktop\thesis\collective-x-adversarial-ams\AMSim\AMSim\display.cuh(16): warning : missing return statement at end of non-void function "Display::operator="
  
C:\Users\Jane\Desktop\thesis\collective-x-adversarial-ams\AMSim\AMSim\include\Eigen\src/Core/ArrayWrapper.h(94): warning : __declspec attributes ignored
  
  environment.cu
  device_functions.h is an internal header file and must not be used directly.  This file will be removed in a future CUDA release.  Please use cuda_runtime_api.h or cuda_runtime.h instead.
  host_defines.h is an internal header file and must not be used directly.  This file will be removed in a future CUDA release.  Please use cuda_runtime_api.h or cuda_runtime.h instead.
  device_functions.h is an internal header file and must not be used directly.  This file will be removed in a future CUDA release.  Please use cuda_runtime_api.h or cuda_runtime.h instead.
C:/Users/Jane/Desktop/thesis/collective-x-adversarial-ams/AMSim/AMSim/environment.cu(115): warning C4018: '<': signed/unsigned mismatch
C:/Users/Jane/Desktop/thesis/collective-x-adversarial-ams/AMSim/AMSim/environment.cu(122): warning C4018: '<': signed/unsigned mismatch
C:/Users/Jane/Desktop/thesis/collective-x-adversarial-ams/AMSim/AMSim/environment.cu(204): warning C4018: '<': signed/unsigned mismatch
C:/Users/Jane/Desktop/thesis/collective-x-adversarial-ams/AMSim/AMSim/environment.cu(409): warning C4018: '<': signed/unsigned mismatch
C:/Users/Jane/Desktop/thesis/collective-x-adversarial-ams/AMSim/AMSim/environment.cu(418): warning C4018: '<': signed/unsigned mismatch
C:/Users/Jane/Desktop/thesis/collective-x-adversarial-ams/AMSim/AMSim/environment.cu(430): warning C4018: '<': signed/unsigned mismatch
  AMSim.vcxproj -> C:\Users\Jane\Desktop\thesis\collective-x-adversarial-ams\AMSim\Debug\AMSim.exe
